{"attempted_bank": "team-eng", "decision": "allow", "identity": "alice", "method": "POST", "reason": "rest-allow", "resolved_bank": "team-eng", "token_fp": "sha256:4a22a2f92e20ad09", "tool": "/v1/default/banks/team-eng/memories/recall", "ts": "2026-06-26T04:12:07Z"}
{"attempted_bank": "personal-alice", "decision": "allow", "identity": "alice", "method": "PUT", "reason": "rest-allow", "resolved_bank": "personal-alice", "token_fp": "sha256:4a22a2f92e20ad09", "tool": "/v1/default/banks/personal-alice", "ts": "2026-06-26T04:17:14Z"}
{"attempted_bank": "team-eng", "decision": "allow", "identity": "alice", "method": "PUT", "reason": "rest-allow", "resolved_bank": "team-eng", "token_fp": "sha256:4a22a2f92e20ad09", "tool": "/v1/default/banks/team-eng", "ts": "2026-06-26T04:17:14Z"}
{"attempted_bank": "personal-alice", "decision": "allow", "identity": "alice", "method": "POST", "reason": "rest-allow", "resolved_bank": "personal-alice", "token_fp": "sha256:4a22a2f92e20ad09", "tool": "/v1/default/banks/personal-alice/memories/recall", "ts": "2026-06-26T04:17:14Z"}
{"attempted_bank": "team-eng", "decision": "allow", "identity": "alice", "method": "POST", "reason": "rest-allow", "resolved_bank": "team-eng", "token_fp": "sha256:4a22a2f92e20ad09", "tool": "/v1/default/banks/team-eng/memories/recall", "ts": "2026-06-26T04:17:14Z"}
{"attempted_bank": "personal-alice", "decision": "allow", "identity": "alice", "method": "POST", "reason": "rest-allow", "resolved_bank": "personal-alice", "token_fp": "sha256:4a22a2f92e20ad09", "tool": "/v1/default/banks/personal-alice/memories", "ts": "2026-06-26T04:17:14Z"}
{"attempted_bank": "personal-alice", "decision": "allow", "identity": "alice", "method": "POST", "reason": "rest-allow", "resolved_bank": "personal-alice", "token_fp": "sha256:4a22a2f92e20ad09", "tool": "/v1/default/banks/personal-alice/memories/recall", "ts": "2026-06-26T04:17:17Z"}
{"attempted_bank": "personal-bob", "decision": "deny", "identity": "alice", "method": "POST", "reason": "bank-not-in-acl:personal-bob", "resolved_bank": null, "token_fp": "sha256:4a22a2f92e20ad09", "tool": "/v1/default/banks/personal-bob/memories/recall", "ts": "2026-06-26T04:17:18Z"}
{"attempted_bank": "personal-alice", "decision": "allow", "identity": "alice", "method": "POST", "reason": "rest-allow", "resolved_bank": "personal-alice", "token_fp": "sha256:4a22a2f92e20ad09", "tool": "/v1/default/banks/personal-alice/memories/recall", "ts": "2026-06-26T04:17:18Z"}
{"attempted_bank": "team-eng", "decision": "allow", "identity": "alice", "method": "POST", "reason": "rest-allow", "resolved_bank": "team-eng", "token_fp": "sha256:4a22a2f92e20ad09", "tool": "/v1/default/banks/team-eng/memories", "ts": "2026-06-26T04:17:18Z"}
{"attempted_bank": "team-eng", "decision": "allow", "identity": "alice", "method": "POST", "reason": "rest-allow", "resolved_bank": "team-eng", "token_fp": "sha256:4a22a2f92e20ad09", "tool": "/v1/default/banks/team-eng/memories/recall", "ts": "2026-06-26T04:17:21Z"}
{"attempted_bank": "personal-alice", "decision": "deny", "identity": null, "method": "POST", "reason": "unknown-or-missing-token", "resolved_bank": null, "token_fp": "anon", "tool": "/v1/default/banks/personal-alice/memories/recall", "ts": "2026-06-26T04:17:21Z"}
{"attempted_bank": "personal-alice", "decision": "deny", "identity": null, "method": "POST", "reason": "unknown-or-missing-token", "resolved_bank": null, "token_fp": "sha256:04d0da8a9aba40bb", "tool": "/v1/default/banks/personal-alice/memories/recall", "ts": "2026-06-26T04:17:21Z"}
{"attempted_bank": "personal-bob", "decision": "deny", "identity": "alice", "method": "POST", "reason": "bank-not-in-acl:personal-bob", "resolved_bank": null, "token_fp": "sha256:4a22a2f92e20ad09", "tool": "/v1/default/banks/personal-bob/memories/recall", "ts": "2026-06-26T04:17:21Z"}
{"attempted_bank": null, "decision": "deny", "identity": "alice", "method": "GET", "reason": "bank-collection-blocked", "resolved_bank": null, "token_fp": "sha256:4a22a2f92e20ad09", "tool": "banks-collection", "ts": "2026-06-26T04:17:21Z"}
{"attempted_bank": "..", "decision": "deny", "identity": "alice", "method": "POST", "reason": "bad-bank-format", "resolved_bank": null, "token_fp": "sha256:4a22a2f92e20ad09", "tool": "/v1/default/banks/../memories/recall", "ts": "2026-06-26T04:17:21Z"}
{"attempted_bank": "team-eng", "decision": "deny", "identity": "alice", "method": "DELETE", "reason": "destructive-on-nonpersonal:DELETE", "resolved_bank": null, "token_fp": "sha256:4a22a2f92e20ad09", "tool": "/v1/default/banks/team-eng/memories/some-id", "ts": "2026-06-26T04:17:21Z"}
{"attempted_bank": "personal-alice", "decision": "allow", "identity": "alice", "method": "POST", "reason": "rest-allow", "resolved_bank": "personal-alice", "token_fp": "sha256:4a22a2f92e20ad09", "tool": "/v1/default/banks/personal-alice/memories", "ts": "2026-06-26T04:17:21Z"}
{"attempted_bank": "personal-alice", "decision": "allow", "identity": "alice", "method": "POST", "reason": "rest-allow", "resolved_bank": "personal-alice", "token_fp": "sha256:4a22a2f92e20ad09", "tool": "/v1/default/banks/personal-alice/memories/recall", "ts": "2026-06-26T04:17:24Z"}
{"attempted_bank": "team-eng", "decision": "allow", "identity": "alice", "method": "POST", "reason": "rest-allow", "resolved_bank": "team-eng", "token_fp": "sha256:4a22a2f92e20ad09", "tool": "/v1/default/banks/team-eng/memories/recall", "ts": "2026-06-26T04:17:24Z"}
